 
 This GEMPACK log file was created at 16:31:54 on 04-OCT-2017 by the program
  <GEMSIM  Version 4.4   January 2016>
 which accesses some of the routines in the GEMPACK software release
  <GEMPACK Release 11.4.003   January 2016>
 
  
 <GEMSIM  Version 4.4   January 2016>
   This program accesses some of the routines in the GEMPACK software release
 <GEMPACK Release 11.4.003   January 2016>
  
 Licence file: C:\GP\licen.gem
  
     -------------------------------------------------------
    !            GEMPACK Software System Licence            !
    !  Source Code Licence for the GEMPACK Software System  !
    !                 Licence No.  GFM-0137                 !
    !          Licence for Release 11.4 of GEMPACK          !
    !          U.S. International Trade Commission          !
    !                     Washington DC                     !
    !                          USA                          !
    !    (Your GEMPACK licence expires on 30-APR-2018.)     !
     -------------------------------------------------------
  
  
     << COPYRIGHT 1993-2016: CoPS/Impact and KPSOFT >>
  
  Current directory is:
 C:\Users\andre.barbe\Modeling Folder on ITC M model\coal1
  
  
  Full path name of running EXE is: C:\GP\gemsim.exe
  Fortran compiler = IF64   version 14.00, build date 20150916
  OPENMP number of threads: 32
  Operating system is Windows 8
  
  
  ++++++++++++++++++++++++++++++++++++++++++++++++++++++++++++
  
  
                    GEMSIM OPTIONS
               ( --> indicates those in effect )
  
       BAT Run in batch              STI Take inputs from a Stored-input file
       BPR Brief prompts             SIF Store inputs on a file
       LOG Output to log file        ASI Add to incomplete Stored-input file
                                     CMF Take inputs from a Command file
       EAA Echo all activity           SVX Select variables on XAC file (later)
   --> CPU Report CPU times            RQF Required figures agreement (extrap)
       NRP Don't reuse pivots        NIR Don't do solution iterative refinement
                                 --> IZ1 Ignore zero coefficients in step 1
                                     KZ2 Keep zero coefficients in steps 2,3 etc
       NEQ Do no equations           NWE Don't warn how well equations solved
       NDS Do no displays            SSI Several subintervals; extrap after each
       NWR Do no writes              M28 Use MA28 routines (rather than MA48)
       NAS Do no assertions          SUI Save updated formula(initial) data
       NUD Do no final updates              Extra Options Screen
       NSM Don't do simulation              --------------------
       NWT Use Newton's method      DTO Display, Terminal/Text write Options
       CR  Check-on-read options
  
  Select an option   :  <opt>      Deselect an option      : -<opt>
  Help for an option : ?<opt>      Help on all options     : ??
  Redisplay options  : /           Finish option selection : Carriage return
  
 (Opened, as text, existing file
   'C:\Users\andre.barbe\Modeling Folder on ITC M model\coal1\iecoal01.cmf'.)
  (Taking inputs from a command file.)
 (Opened, as text, existing file
   'C:\Users\andre.barbe\Modeling Folder on ITC M model\coal1\iecoal01.cmf'.)
  
  !  (There is no CREATION information on this file.)
  
  
  --> Reading the Command file.
  
 ! This Command file
 ! c:\rungtap5\andreb\work\iecoal1.cmf
 ! was written by RunGTAP (Version 3.61 built 19/Oct/2013)
 ! This is the default CMFSTART file which RunGTAP uses when
 ! a version has no CMFSTART file of its own
 iz1 = no ;
 NDS = yes; ! no displays
 Extrapolation accuracy file = YES ;
 CPU = yes;
 !@ end of CMFSTART part
 aux files = C:\Users\andre.barbe\Modeling Folder on ITC M model\coal1;
  %% Unexpected input 'Folder'
 file gtapSETS = c:\rungtap5\andreb\coal1\sets.har;
 file gtapDATA = c:\rungtap5\andreb\coal1\basedata.har;
 Updated file gtapDATA = gdata.upd;
 Solution file = c:\rungtap5\andreb\work\iecoal1;
 file gtapPARM = c:\rungtap5\andreb\coal1\default.prm;
 Verbal Description =
 1 pct reduction in coal intensity by electricity in US;
 Method = Gragg;
 Steps = 2 4 6;
 automatic accuracy = yes;
 accuracy figures = 4;
 accuracy percent = 80;
 minimum subinterval length =  1.0E-0003;
 minimum subinterval fails = stop;
 accuracy criterion = Data;
 subintervals = 2;
 ! basic closure
 exogenous
     afall
     afcom
     afreg
     afsec
     ams
     aoall
     aoreg
     aosec
   ! atall               omitted
     atd
     atf
     atm
     ats
     au
     cgdslack
     del_ctgshr
     dpgov
     dppriv
     dpsave
     endwslack
     incomeslack
     pemp
     pfactwld
     pop
     profitslack
     psaveslack
     qo(ENDW_COMM,REG)
     RCTAXB
   ! tf                  omitted
     tfd
     tfm
     tgd
     tgm
     tm
     tms
     to
     tpd
     tpm
     tp
     tradslack
     tx
     txs
     pf_slack(FIRM_COMM,PROD_COMM,NUS_REG)
     pf_slack(NEF_COMM,NEP_COMM,US_REG)
     pf_slack(NEF_COMM,EGY_COMM,US_REG)
     pf_slack(EGY_COMM,NEP_COMM,US_REG)
 pf_slack("Coal","Coal",US_REG)
 pf_slack("Coal","Oil",US_REG)
 pf_slack("Coal","Gas",US_REG)
 pf_slack("Coal","Oil_pcts",US_REG)
 !pf_slack("Coal","Electricity",US_REG)
 pf_slack("Oil","Coal",US_REG)
 pf_slack("Oil","Oil",US_REG)
 pf_slack("Oil","Gas",US_REG)
 pf_slack("Oil","Oil_pcts",US_REG)
 pf_slack("Oil","Electricity",US_REG)
 pf_slack("Gas","Coal",US_REG)
 pf_slack("Gas","Oil",US_REG)
 pf_slack("Gas","Gas",US_REG)
 pf_slack("Gas","Oil_pcts",US_REG)
 pf_slack("Gas","Electricity",US_REG)
 pf_slack("Oil_pcts","Coal",US_REG)
 pf_slack("Oil_pcts","Oil",US_REG)
 pf_slack("Oil_pcts","Gas",US_REG)
 pf_slack("Oil_pcts","Oil_pcts",US_REG)
 pf_slack("Oil_pcts","Electricity",US_REG)
 pf_slack("Electricity","Coal",US_REG)
 pf_slack("Electricity","Oil",US_REG)
 pf_slack("Electricity","Gas",US_REG)
 pf_slack("Electricity","Oil_pcts",US_REG)
 pf_slack("Electricity","Electricity",US_REG)
 intf("Coal","Electricity",US_REG)
  
  
  
  
     ;
 Rest Endogenous ;
 shock intf("coal","electricity","usa") = -1;
  
  (Finished reading the command file.)
  
  There is at least one error in your Command file.
 (To see the error(s), look at the LOG file
   'C:\Users\andre.barbe\Modeling Folder on ITC M model\coal1\gpxx4.log'.)
 (Search for %% in this LOG file.)
  
   (ERROR RETURN FROM ROUTINE: TGRCMF)
   (E-Error in command file input)
   (ERROR RETURN FROM ROUTINE: GEMSIM)
  
 Inputs have been taken from the Command file
 iecoal01.cmf
  
  (The program terminated with an error.)
  Total elapsed time is: less than one second.
  
  
  This run ended at 16:31:54 on 04-OCT-2017
