 
 This GEMPACK log file was created at 16:49:06 on 04-OCT-2017 by the program
  <GEMSIM  Version 4.4   January 2016>
 which accesses some of the routines in the GEMPACK software release
  <GEMPACK Release 11.4.003   January 2016>
 
  
 <GEMSIM  Version 4.4   January 2016>
   This program accesses some of the routines in the GEMPACK software release
 <GEMPACK Release 11.4.003   January 2016>
  
 Licence file: C:\GP\licen.gem
  
     -------------------------------------------------------
    !            GEMPACK Software System Licence            !
    !  Source Code Licence for the GEMPACK Software System  !
    !                 Licence No.  GFM-0137                 !
    !          Licence for Release 11.4 of GEMPACK          !
    !          U.S. International Trade Commission          !
    !                     Washington DC                     !
    !                          USA                          !
    !    (Your GEMPACK licence expires on 30-APR-2018.)     !
     -------------------------------------------------------
  
  
     << COPYRIGHT 1993-2016: CoPS/Impact and KPSOFT >>
  
  Current directory is: C:\Users\andre.barbe\ModelingFolder\coal1
  
  
  Full path name of running EXE is: C:\GP\gemsim.exe
  Fortran compiler = IF64   version 14.00, build date 20150916
  OPENMP number of threads: 32
  Operating system is Windows 8
  
  
  ++++++++++++++++++++++++++++++++++++++++++++++++++++++++++++
  
  
                    GEMSIM OPTIONS
               ( --> indicates those in effect )
  
       BAT Run in batch              STI Take inputs from a Stored-input file
       BPR Brief prompts             SIF Store inputs on a file
       LOG Output to log file        ASI Add to incomplete Stored-input file
                                     CMF Take inputs from a Command file
       EAA Echo all activity           SVX Select variables on XAC file (later)
   --> CPU Report CPU times            RQF Required figures agreement (extrap)
       NRP Don't reuse pivots        NIR Don't do solution iterative refinement
                                 --> IZ1 Ignore zero coefficients in step 1
                                     KZ2 Keep zero coefficients in steps 2,3 etc
       NEQ Do no equations           NWE Don't warn how well equations solved
       NDS Do no displays            SSI Several subintervals; extrap after each
       NWR Do no writes              M28 Use MA28 routines (rather than MA48)
       NAS Do no assertions          SUI Save updated formula(initial) data
       NUD Do no final updates              Extra Options Screen
       NSM Don't do simulation              --------------------
       NWT Use Newton's method      DTO Display, Terminal/Text write Options
       CR  Check-on-read options
  
  Select an option   :  <opt>      Deselect an option      : -<opt>
  Help for an option : ?<opt>      Help on all options     : ??
  Redisplay options  : /           Finish option selection : Carriage return
  
  
  %% UNABLE TO OPEN EXISTING FILE 'coaltest2.cmf'.
   It seems that the file does not exist.
  
   (ERROR RETURN FROM ROUTINE: TGCOP )
   (E-Unable to open Command file)
   (ERROR RETURN FROM ROUTINE: GEMSIM)
  
  (The program terminated with an error.)
  Total elapsed time is: less than one second.
  
  
  This run ended at 16:49:06 on 04-OCT-2017
